<?xml version="1.0" encoding="UTF-8"?>
<!-- Generated by org.testng.reporters.JUnitXMLReporter -->
<testsuite hostname="hamza-HP-Notebook" ignored="1" name="Regression" tests="16" failures="0" timestamp="07 Feb 2019 13:08:18 GMT" time="45.851" errors="0">
  <testcase name="@BeforeTest initialize" time="45.799" classname="Baarei.SmartTaskTest">
    <failure type="org.openqa.selenium.NoSuchElementException" message="no such element: Unable to locate element: {&amp;quot;method&amp;quot;:&amp;quot;xpath&amp;quot;,&amp;quot;selector&amp;quot;:&amp;quot;//a[@id=&amp;apos;addBotTaskLink&amp;apos;]&amp;quot;}
  (Session info: chrome=71.0.3578.98)
  (Driver info: chromedriver=2.45.615279 (12b89733300bd268cff3b78fc76cb8f3a7cc44e5),platform=Linux 4.15.0-45-generic x86_64) (WARNING: The server did not provide any stacktrace information)
Command duration or timeout: 0 milliseconds
For documentation on this error, please visit: https://www.seleniumhq.org/exceptions/no_such_element.html
Build info: version: &amp;apos;3.141.59&amp;apos;, revision: &amp;apos;e82be7d358&amp;apos;, time: &amp;apos;2018-11-14T08:17:03&amp;apos;
System info: host: &amp;apos;hamza-HP-Notebook&amp;apos;, ip: &amp;apos;127.0.1.1&amp;apos;, os.name: &amp;apos;Linux&amp;apos;, os.arch: &amp;apos;amd64&amp;apos;, os.version: &amp;apos;4.15.0-45-generic&amp;apos;, java.version: &amp;apos;1.8.0_181&amp;apos;
Driver info: org.openqa.selenium.chrome.ChromeDriver
Capabilities {acceptInsecureCerts: false, acceptSslCerts: false, applicationCacheEnabled: false, browserConnectionEnabled: false, browserName: chrome, chrome: {chromedriverVersion: 2.45.615279 (12b89733300bd2..., userDataDir: /tmp/.org.chromium.Chromium...}, cssSelectorsEnabled: true, databaseEnabled: false, goog:chromeOptions: {debuggerAddress: localhost:33123}, handlesAlerts: true, hasTouchScreen: false, javascriptEnabled: true, locationContextEnabled: true, mobileEmulationEnabled: false, nativeEvents: true, networkConnectionEnabled: false, pageLoadStrategy: normal, platform: LINUX, platformName: LINUX, proxy: Proxy(), rotatable: false, setWindowRect: true, strictFileInteractability: false, takesHeapSnapshot: true, takesScreenshot: true, timeouts: {implicit: 0, pageLoad: 300000, script: 30000}, unexpectedAlertBehaviour: ignore, unhandledPromptBehavior: ignore, version: 71.0.3578.98, webStorageEnabled: true}
Session ID: be3ffdc69dda67dc560eaad5af3c4067
*** Element info: {Using=xpath, value=//a[@id=&amp;apos;addBotTaskLink&amp;apos;]}">
      <![CDATA[org.openqa.selenium.NoSuchElementException: no such element: Unable to locate element: {"method":"xpath","selector":"//a[@id='addBotTaskLink']"}
  (Session info: chrome=71.0.3578.98)
  (Driver info: chromedriver=2.45.615279 (12b89733300bd268cff3b78fc76cb8f3a7cc44e5),platform=Linux 4.15.0-45-generic x86_64) (WARNING: The server did not provide any stacktrace information)
Command duration or timeout: 0 milliseconds
For documentation on this error, please visit: https://www.seleniumhq.org/exceptions/no_such_element.html
Build info: version: '3.141.59', revision: 'e82be7d358', time: '2018-11-14T08:17:03'
System info: host: 'hamza-HP-Notebook', ip: '127.0.1.1', os.name: 'Linux', os.arch: 'amd64', os.version: '4.15.0-45-generic', java.version: '1.8.0_181'
Driver info: org.openqa.selenium.chrome.ChromeDriver
Capabilities {acceptInsecureCerts: false, acceptSslCerts: false, applicationCacheEnabled: false, browserConnectionEnabled: false, browserName: chrome, chrome: {chromedriverVersion: 2.45.615279 (12b89733300bd2..., userDataDir: /tmp/.org.chromium.Chromium...}, cssSelectorsEnabled: true, databaseEnabled: false, goog:chromeOptions: {debuggerAddress: localhost:33123}, handlesAlerts: true, hasTouchScreen: false, javascriptEnabled: true, locationContextEnabled: true, mobileEmulationEnabled: false, nativeEvents: true, networkConnectionEnabled: false, pageLoadStrategy: normal, platform: LINUX, platformName: LINUX, proxy: Proxy(), rotatable: false, setWindowRect: true, strictFileInteractability: false, takesHeapSnapshot: true, takesScreenshot: true, timeouts: {implicit: 0, pageLoad: 300000, script: 30000}, unexpectedAlertBehaviour: ignore, unhandledPromptBehavior: ignore, version: 71.0.3578.98, webStorageEnabled: true}
Session ID: be3ffdc69dda67dc560eaad5af3c4067
*** Element info: {Using=xpath, value=//a[@id='addBotTaskLink']}
at org.openqa.selenium.remote.ErrorHandler.createThrowable(ErrorHandler.java:214)
at org.openqa.selenium.remote.ErrorHandler.throwIfResponseFailed(ErrorHandler.java:166)
at org.openqa.selenium.remote.http.JsonHttpResponseCodec.reconstructValue(JsonHttpResponseCodec.java:40)
at org.openqa.selenium.remote.http.AbstractHttpResponseCodec.decode(AbstractHttpResponseCodec.java:80)
at org.openqa.selenium.remote.http.AbstractHttpResponseCodec.decode(AbstractHttpResponseCodec.java:44)
at org.openqa.selenium.remote.HttpCommandExecutor.execute(HttpCommandExecutor.java:158)
at org.openqa.selenium.remote.service.DriverCommandExecutor.execute(DriverCommandExecutor.java:83)
at org.openqa.selenium.remote.RemoteWebDriver.execute(RemoteWebDriver.java:552)
at org.openqa.selenium.remote.RemoteWebDriver.findElement(RemoteWebDriver.java:323)
at org.openqa.selenium.remote.RemoteWebDriver.findElementByXPath(RemoteWebDriver.java:428)
at org.openqa.selenium.By$ByXPath.findElement(By.java:353)
at org.openqa.selenium.remote.RemoteWebDriver.findElement(RemoteWebDriver.java:315)
at org.openqa.selenium.support.pagefactory.DefaultElementLocator.findElement(DefaultElementLocator.java:69)
at org.openqa.selenium.support.pagefactory.internal.LocatingElementHandler.invoke(LocatingElementHandler.java:38)
at com.sun.proxy.$Proxy9.click(Unknown Source)
at Baarei.SmartTaskTest.initialize(SmartTaskTest.java:64)
... Removed 28 stack frames]]>
    </failure>
  </testcase> <!-- @BeforeTest initialize -->
  <testcase name="@BeforeTest initialize" time="0.0" classname="Baarei.TaskTest">
    <skipped/>
  </testcase> <!-- @BeforeTest initialize -->
  <testcase name="@AfterTest close" time="0.0" classname="Resources.Login">
    <skipped/>
  </testcase> <!-- @AfterTest close -->
  <testcase name="emailTemplate" time="0.0" classname="Baarei.SmartTaskTest">
    <skipped/>
  </testcase> <!-- emailTemplate -->
  <testcase name="requestSmartTask" time="0.0" classname="Baarei.SmartTaskTest">
    <skipped/>
  </testcase> <!-- requestSmartTask -->
  <testcase name="itemsSmartTask" time="0.0" classname="Baarei.SmartTaskTest">
    <skipped/>
  </testcase> <!-- itemsSmartTask -->
  <testcase name="reminderSmartTask" time="0.0" classname="Baarei.SmartTaskTest">
    <skipped/>
  </testcase> <!-- reminderSmartTask -->
  <testcase name="postSmartTask" time="0.0" classname="Baarei.SmartTaskTest">
    <skipped/>
  </testcase> <!-- postSmartTask -->
  <testcase name="orderSmartTask" time="0.0" classname="Baarei.SmartTaskTest">
    <skipped/>
  </testcase> <!-- orderSmartTask -->
  <testcase name="CreateTaskAndVerify" time="0.0" classname="Baarei.SmartTaskTest">
    <skipped/>
  </testcase> <!-- CreateTaskAndVerify -->
  <testcase name="createTask" time="0.0" classname="Baarei.TaskTest">
    <skipped/>
  </testcase> <!-- createTask -->
  <testcase name="assignTask" time="0.0" classname="Baarei.TaskTest">
    <skipped/>
  </testcase> <!-- assignTask -->
  <testcase name="commentTask" time="0.0" classname="Baarei.TaskTest">
    <skipped/>
  </testcase> <!-- commentTask -->
  <testcase name="deleteComment" time="0.0" classname="Baarei.TaskTest">
    <skipped/>
  </testcase> <!-- deleteComment -->
  <testcase name="dueDate" time="0.0" classname="Baarei.TaskTest">
    <skipped/>
  </testcase> <!-- dueDate -->
  <testcase name="reorderTasks" time="0.0" classname="Baarei.TaskTest">
    <skipped/>
  </testcase> <!-- reorderTasks -->
  <testcase name="deleteTask" time="0.0" classname="Baarei.TaskTest">
    <skipped/>
  </testcase> <!-- deleteTask -->
  <testcase name="addSection" time="0.0" classname="Baarei.TaskTest">
    <skipped/>
  </testcase> <!-- addSection -->
  <testcase name="deleteSection" time="0.0" classname="Baarei.TaskTest">
    <skipped/>
  </testcase> <!-- deleteSection -->
  <testcase name="@AfterTest close" time="0.0" classname="Resources.Login">
    <ignored/>
  </testcase> <!-- @AfterTest close -->
</testsuite> <!-- Regression -->
